<?xml version="1.0" encoding="UTF-8"?>
<!-- Generated by org.testng.reporters.JUnitXMLReporter -->
<testsuite ignored="0" hostname="Sumit" failures="1" tests="3" name="Error Validations Test" time="22.995" errors="0" timestamp="2025-02-06T11:10:11 IST">
  <testcase classname="rahulshettyacademy.Tests.ErrorValidationTest" name="loginErrorValdation" time="0.677">
    <skipped/>
  </testcase> <!-- loginErrorValdation -->
  <testcase classname="rahulshettyacademy.Tests.ErrorValidationTest" name="loginErrorValdation" time="0.592">
    <failure type="java.lang.AssertionError" message="expected [Incorrect email or password.] but found [password.]">
      <![CDATA[java.lang.AssertionError: expected [Incorrect email or password.] but found [password.]
at rahulshettyacademy.Tests.ErrorValidationTest.loginErrorValdation(ErrorValidationTest.java:23)
at java.base/java.util.ArrayList.forEach(ArrayList.java:1597)
at java.base/java.util.concurrent.FutureTask.run(FutureTask.java:317)
at java.base/java.util.concurrent.ThreadPoolExecutor.runWorker(ThreadPoolExecutor.java:1144)
at java.base/java.util.concurrent.ThreadPoolExecutor$Worker.run(ThreadPoolExecutor.java:642)
at java.base/java.lang.Thread.run(Thread.java:1575)
... Removed 21 stack frames]]>
    </failure>
  </testcase> <!-- loginErrorValdation -->
  <testcase classname="rahulshettyacademy.Tests.ErrorValidationTest" name="productErrorValdation" time="2.802"/>
</testsuite> <!-- Error Validations Test -->
